mode: set
git.xenonstack.com/util/continuous-security-backend/config/config.go:94.29,98.31 3 1
git.xenonstack.com/util/continuous-security-backend/config/config.go:104.2,119.38 13 1
git.xenonstack.com/util/continuous-security-backend/config/config.go:124.2,132.34 6 1
git.xenonstack.com/util/continuous-security-backend/config/config.go:98.31,100.3 1 1
git.xenonstack.com/util/continuous-security-backend/config/config.go:119.38,121.3 1 0
git.xenonstack.com/util/continuous-security-backend/config/config.go:121.8,123.3 1 1
git.xenonstack.com/util/continuous-security-backend/config/config.go:132.34,134.3 1 1
git.xenonstack.com/util/continuous-security-backend/config/config.go:138.51,143.16 3 1
git.xenonstack.com/util/continuous-security-backend/config/config.go:147.2,147.31 1 1
git.xenonstack.com/util/continuous-security-backend/config/config.go:151.2,151.29 1 1
git.xenonstack.com/util/continuous-security-backend/config/config.go:154.2,157.34 3 1
git.xenonstack.com/util/continuous-security-backend/config/config.go:161.2,161.12 1 1
git.xenonstack.com/util/continuous-security-backend/config/config.go:143.16,146.3 2 1
git.xenonstack.com/util/continuous-security-backend/config/config.go:147.31,149.3 1 1
git.xenonstack.com/util/continuous-security-backend/config/config.go:151.29,153.3 1 0
git.xenonstack.com/util/continuous-security-backend/config/config.go:157.34,159.3 1 0
git.xenonstack.com/util/continuous-security-backend/config/config.go:165.18,166.20 1 1
git.xenonstack.com/util/continuous-security-backend/config/config.go:166.20,168.3 1 1
git.xenonstack.com/util/continuous-security-backend/config/config.go:168.8,170.3 1 1
git.xenonstack.com/util/continuous-security-backend/config/config.go:174.24,186.2 3 1
git.xenonstack.com/util/continuous-security-backend/src/mail/toml.go:18.55,25.16 4 1
git.xenonstack.com/util/continuous-security-backend/src/mail/toml.go:30.2,31.9 2 1
git.xenonstack.com/util/continuous-security-backend/src/mail/toml.go:37.2,41.9 3 1
git.xenonstack.com/util/continuous-security-backend/src/mail/toml.go:47.2,48.9 2 1
git.xenonstack.com/util/continuous-security-backend/src/mail/toml.go:54.2,55.8 2 1
git.xenonstack.com/util/continuous-security-backend/src/mail/toml.go:65.2,65.23 1 1
git.xenonstack.com/util/continuous-security-backend/src/mail/toml.go:25.16,28.3 2 0
git.xenonstack.com/util/continuous-security-backend/src/mail/toml.go:31.9,34.3 2 1
git.xenonstack.com/util/continuous-security-backend/src/mail/toml.go:41.9,44.3 2 1
git.xenonstack.com/util/continuous-security-backend/src/mail/toml.go:48.9,51.3 2 1
git.xenonstack.com/util/continuous-security-backend/src/mail/toml.go:55.8,59.47 2 1
git.xenonstack.com/util/continuous-security-backend/src/mail/toml.go:63.3,63.53 1 1
git.xenonstack.com/util/continuous-security-backend/src/mail/toml.go:59.47,61.4 1 1
git.xenonstack.com/util/continuous-security-backend/src/mail/toml.go:70.73,73.16 2 1
git.xenonstack.com/util/continuous-security-backend/src/mail/toml.go:78.2,81.16 3 1
git.xenonstack.com/util/continuous-security-backend/src/mail/toml.go:86.2,86.21 1 1
git.xenonstack.com/util/continuous-security-backend/src/mail/toml.go:73.16,76.3 2 1
git.xenonstack.com/util/continuous-security-backend/src/mail/toml.go:81.16,84.3 2 0
git.xenonstack.com/util/continuous-security-backend/src/mail/toml.go:90.58,103.35 6 1
git.xenonstack.com/util/continuous-security-backend/src/mail/toml.go:108.2,116.17 4 1
git.xenonstack.com/util/continuous-security-backend/src/mail/toml.go:120.2,120.35 1 1
git.xenonstack.com/util/continuous-security-backend/src/mail/toml.go:103.35,105.3 1 1
git.xenonstack.com/util/continuous-security-backend/src/mail/toml.go:116.17,118.3 1 0
git.xenonstack.com/util/continuous-security-backend/src/mail/toml.go:120.35,124.3 2 1
git.xenonstack.com/util/continuous-security-backend/src/mail/toml.go:128.67,144.2 4 1
git.xenonstack.com/util/continuous-security-backend/src/database/query.go:11.85,25.16 10 1
git.xenonstack.com/util/continuous-security-backend/src/database/query.go:25.16,28.3 2 0
git.xenonstack.com/util/continuous-security-backend/src/database/types.go:45.34,50.34 2 1
git.xenonstack.com/util/continuous-security-backend/src/database/types.go:53.2,53.33 1 1
git.xenonstack.com/util/continuous-security-backend/src/database/types.go:57.2,62.51 3 1
git.xenonstack.com/util/continuous-security-backend/src/database/types.go:50.34,52.3 1 1
git.xenonstack.com/util/continuous-security-backend/src/database/types.go:53.33,55.3 1 1
git.xenonstack.com/util/continuous-security-backend/src/database/types.go:66.23,74.16 2 1
git.xenonstack.com/util/continuous-security-backend/src/database/types.go:78.2,81.72 2 0
git.xenonstack.com/util/continuous-security-backend/src/database/types.go:74.16,77.3 2 1
git.xenonstack.com/util/continuous-security-backend/src/database/types.go:84.14,95.34 8 1
git.xenonstack.com/util/continuous-security-backend/src/database/types.go:98.2,98.33 1 1
git.xenonstack.com/util/continuous-security-backend/src/database/types.go:102.2,107.40 3 1
git.xenonstack.com/util/continuous-security-backend/src/database/types.go:116.2,116.39 1 1
git.xenonstack.com/util/continuous-security-backend/src/database/types.go:95.34,97.3 1 1
git.xenonstack.com/util/continuous-security-backend/src/database/types.go:98.33,100.3 1 1
git.xenonstack.com/util/continuous-security-backend/src/database/types.go:107.40,111.16 3 1
git.xenonstack.com/util/continuous-security-backend/src/database/types.go:111.16,113.4 1 1
git.xenonstack.com/util/continuous-security-backend/src/database/types.go:116.39,118.3 1 1
git.xenonstack.com/util/continuous-security-backend/src/method/bash.go:10.74,17.16 5 1
git.xenonstack.com/util/continuous-security-backend/src/method/bash.go:26.2,27.41 2 0
git.xenonstack.com/util/continuous-security-backend/src/method/bash.go:30.2,30.24 1 0
git.xenonstack.com/util/continuous-security-backend/src/method/bash.go:17.16,25.3 6 1
git.xenonstack.com/util/continuous-security-backend/src/method/bash.go:27.41,29.3 1 0
git.xenonstack.com/util/continuous-security-backend/src/method/jwtClaims.go:11.60,13.81 1 1
git.xenonstack.com/util/continuous-security-backend/src/method/jwtClaims.go:20.2,20.16 1 1
git.xenonstack.com/util/continuous-security-backend/src/method/jwtClaims.go:23.2,24.20 2 0
git.xenonstack.com/util/continuous-security-backend/src/method/jwtClaims.go:13.81,14.58 1 1
git.xenonstack.com/util/continuous-security-backend/src/method/jwtClaims.go:17.3,17.49 1 1
git.xenonstack.com/util/continuous-security-backend/src/method/jwtClaims.go:14.58,16.4 1 0
git.xenonstack.com/util/continuous-security-backend/src/method/jwtClaims.go:20.16,22.3 1 1
git.xenonstack.com/util/continuous-security-backend/src/method/method.go:12.43,17.2 4 1
git.xenonstack.com/util/continuous-security-backend/src/method/method.go:20.46,23.19 2 1
git.xenonstack.com/util/continuous-security-backend/src/method/method.go:26.2,26.40 1 1
git.xenonstack.com/util/continuous-security-backend/src/method/method.go:23.19,25.3 1 1
git.xenonstack.com/util/continuous-security-backend/src/method/method.go:29.43,34.23 3 1
git.xenonstack.com/util/continuous-security-backend/src/method/method.go:39.2,47.16 6 1
git.xenonstack.com/util/continuous-security-backend/src/method/method.go:53.2,54.16 2 1
git.xenonstack.com/util/continuous-security-backend/src/method/method.go:59.2,59.16 1 1
git.xenonstack.com/util/continuous-security-backend/src/method/method.go:98.2,99.26 2 1
git.xenonstack.com/util/continuous-security-backend/src/method/method.go:103.2,103.73 1 1
git.xenonstack.com/util/continuous-security-backend/src/method/method.go:34.23,36.3 1 1
git.xenonstack.com/util/continuous-security-backend/src/method/method.go:36.8,38.3 1 1
git.xenonstack.com/util/continuous-security-backend/src/method/method.go:47.16,50.3 2 0
git.xenonstack.com/util/continuous-security-backend/src/method/method.go:54.16,57.3 1 1
git.xenonstack.com/util/continuous-security-backend/src/method/method.go:59.16,61.37 1 1
git.xenonstack.com/util/continuous-security-backend/src/method/method.go:64.3,65.17 2 1
git.xenonstack.com/util/continuous-security-backend/src/method/method.go:69.3,70.17 2 1
git.xenonstack.com/util/continuous-security-backend/src/method/method.go:74.3,74.17 1 1
git.xenonstack.com/util/continuous-security-backend/src/method/method.go:61.37,63.4 1 1
git.xenonstack.com/util/continuous-security-backend/src/method/method.go:65.17,68.4 2 0
git.xenonstack.com/util/continuous-security-backend/src/method/method.go:70.17,73.4 1 1
git.xenonstack.com/util/continuous-security-backend/src/method/method.go:74.17,75.47 1 1
git.xenonstack.com/util/continuous-security-backend/src/method/method.go:79.4,81.18 3 1
git.xenonstack.com/util/continuous-security-backend/src/method/method.go:85.4,86.18 2 1
git.xenonstack.com/util/continuous-security-backend/src/method/method.go:91.4,92.28 2 0
git.xenonstack.com/util/continuous-security-backend/src/method/method.go:95.4,95.75 1 0
git.xenonstack.com/util/continuous-security-backend/src/method/method.go:75.47,78.5 2 1
git.xenonstack.com/util/continuous-security-backend/src/method/method.go:81.18,84.5 2 0
git.xenonstack.com/util/continuous-security-backend/src/method/method.go:86.18,89.5 2 1
git.xenonstack.com/util/continuous-security-backend/src/method/method.go:92.28,94.5 1 0
git.xenonstack.com/util/continuous-security-backend/src/method/method.go:99.26,102.3 2 0
git.xenonstack.com/util/continuous-security-backend/src/method/repoInfo.go:19.76,25.16 4 1
git.xenonstack.com/util/continuous-security-backend/src/method/repoInfo.go:29.2,30.16 2 1
git.xenonstack.com/util/continuous-security-backend/src/method/repoInfo.go:34.2,37.16 3 1
git.xenonstack.com/util/continuous-security-backend/src/method/repoInfo.go:42.2,43.16 2 1
git.xenonstack.com/util/continuous-security-backend/src/method/repoInfo.go:49.2,51.16 3 1
git.xenonstack.com/util/continuous-security-backend/src/method/repoInfo.go:55.2,56.16 2 1
git.xenonstack.com/util/continuous-security-backend/src/method/repoInfo.go:60.2,63.16 3 1
git.xenonstack.com/util/continuous-security-backend/src/method/repoInfo.go:68.2,69.16 2 1
git.xenonstack.com/util/continuous-security-backend/src/method/repoInfo.go:74.2,74.33 1 1
git.xenonstack.com/util/continuous-security-backend/src/method/repoInfo.go:25.16,28.3 2 0
git.xenonstack.com/util/continuous-security-backend/src/method/repoInfo.go:30.16,33.3 2 0
git.xenonstack.com/util/continuous-security-backend/src/method/repoInfo.go:37.16,40.3 2 0
git.xenonstack.com/util/continuous-security-backend/src/method/repoInfo.go:43.16,46.3 2 0
git.xenonstack.com/util/continuous-security-backend/src/method/repoInfo.go:51.16,54.3 2 0
git.xenonstack.com/util/continuous-security-backend/src/method/repoInfo.go:56.16,59.3 2 0
git.xenonstack.com/util/continuous-security-backend/src/method/repoInfo.go:63.16,66.3 2 0
git.xenonstack.com/util/continuous-security-backend/src/method/repoInfo.go:69.16,72.3 2 0
git.xenonstack.com/util/continuous-security-backend/src/nats/publish.go:18.43,19.57 1 1
git.xenonstack.com/util/continuous-security-backend/src/nats/publish.go:19.57,21.3 1 0
git.xenonstack.com/util/continuous-security-backend/src/nats/subscriber.go:15.35,17.2 1 0
git.xenonstack.com/util/continuous-security-backend/src/nats/subscriber.go:28.18,36.57 6 1
git.xenonstack.com/util/continuous-security-backend/src/nats/subscriber.go:45.2,45.11 1 1
git.xenonstack.com/util/continuous-security-backend/src/nats/subscriber.go:36.57,40.3 3 0
git.xenonstack.com/util/continuous-security-backend/src/nats/subscriber.go:40.17,42.3 1 0
git.xenonstack.com/util/continuous-security-backend/src/nats/subscriber.go:49.21,57.57 6 1
git.xenonstack.com/util/continuous-security-backend/src/nats/subscriber.go:66.2,66.11 1 1
git.xenonstack.com/util/continuous-security-backend/src/nats/subscriber.go:57.57,61.3 3 0
git.xenonstack.com/util/continuous-security-backend/src/nats/subscriber.go:61.17,63.3 1 0
git.xenonstack.com/util/continuous-security-backend/src/nats/subscriber.go:70.36,73.16 3 1
git.xenonstack.com/util/continuous-security-backend/src/nats/subscriber.go:78.2,78.79 1 1
git.xenonstack.com/util/continuous-security-backend/src/nats/subscriber.go:73.16,77.3 3 1
git.xenonstack.com/util/continuous-security-backend/src/nats/subscriber.go:82.35,85.16 3 1
git.xenonstack.com/util/continuous-security-backend/src/nats/subscriber.go:90.2,93.79 4 1
git.xenonstack.com/util/continuous-security-backend/src/nats/subscriber.go:85.16,89.3 3 1
git.xenonstack.com/util/continuous-security-backend/src/nats/connect.go:11.23,14.16 2 1
git.xenonstack.com/util/continuous-security-backend/src/nats/connect.go:18.2,21.19 4 1
git.xenonstack.com/util/continuous-security-backend/src/nats/connect.go:14.16,17.3 2 0
git.xenonstack.com/util/continuous-security-backend/src/nats/connect.go:25.35,32.79 5 1
git.xenonstack.com/util/continuous-security-backend/src/nats/connect.go:37.2,37.64 1 1
git.xenonstack.com/util/continuous-security-backend/src/nats/connect.go:40.2,40.61 1 1
git.xenonstack.com/util/continuous-security-backend/src/nats/connect.go:47.2,47.13 1 1
git.xenonstack.com/util/continuous-security-backend/src/nats/connect.go:32.79,33.21 1 0
git.xenonstack.com/util/continuous-security-backend/src/nats/connect.go:33.21,35.4 1 0
git.xenonstack.com/util/continuous-security-backend/src/nats/connect.go:37.64,39.3 1 0
git.xenonstack.com/util/continuous-security-backend/src/nats/connect.go:40.61,41.21 1 0
git.xenonstack.com/util/continuous-security-backend/src/nats/connect.go:41.21,43.4 1 0
git.xenonstack.com/util/continuous-security-backend/src/nats/connect.go:43.9,45.4 1 0
git.xenonstack.com/util/continuous-security-backend/src/hubspot/website.go:15.80,19.18 3 1
git.xenonstack.com/util/continuous-security-backend/src/hubspot/website.go:27.2,30.18 3 1
git.xenonstack.com/util/continuous-security-backend/src/hubspot/website.go:83.2,84.12 2 0
git.xenonstack.com/util/continuous-security-backend/src/hubspot/website.go:20.21,21.142 1 1
git.xenonstack.com/util/continuous-security-backend/src/hubspot/website.go:22.17,23.138 1 1
git.xenonstack.com/util/continuous-security-backend/src/hubspot/website.go:30.18,61.17 8 1
git.xenonstack.com/util/continuous-security-backend/src/hubspot/website.go:66.3,67.17 2 1
git.xenonstack.com/util/continuous-security-backend/src/hubspot/website.go:71.3,74.17 3 1
git.xenonstack.com/util/continuous-security-backend/src/hubspot/website.go:78.3,80.13 3 1
git.xenonstack.com/util/continuous-security-backend/src/hubspot/website.go:61.17,64.4 2 0
git.xenonstack.com/util/continuous-security-backend/src/hubspot/website.go:67.17,70.4 2 0
git.xenonstack.com/util/continuous-security-backend/src/hubspot/website.go:74.17,77.4 2 0
git.xenonstack.com/util/continuous-security-backend/src/routes/jwt.go:12.44,43.2 3 1
git.xenonstack.com/util/continuous-security-backend/src/routes/jwt.go:46.61,50.2 1 0
git.xenonstack.com/util/continuous-security-backend/src/routes/v1routes.go:16.35,21.53 3 0
git.xenonstack.com/util/continuous-security-backend/src/routes/v1routes.go:26.2,46.2 14 0
git.xenonstack.com/util/continuous-security-backend/src/routes/v1routes.go:21.53,25.3 2 0
git.xenonstack.com/util/continuous-security-backend/src/routes/v1routes.go:46.2,53.3 3 0
git.xenonstack.com/util/continuous-security-backend/src/routes/v1routes.go:56.36,61.2 2 0
git.xenonstack.com/util/continuous-security-backend/src/routes/v1routes.go:63.46,66.2 2 0
git.xenonstack.com/util/continuous-security-backend/src/routes/v1routes.go:69.31,71.2 1 0
git.xenonstack.com/util/continuous-security-backend/src/routes/v1routes.go:74.30,75.27 1 0
git.xenonstack.com/util/continuous-security-backend/src/routes/v1routes.go:75.27,82.3 3 0
git.xenonstack.com/util/continuous-security-backend/src/routes/v1routes.go:82.8,85.3 1 0
git.xenonstack.com/util/continuous-security-backend/src/routes/v1routes.go:89.33,91.28 2 0
git.xenonstack.com/util/continuous-security-backend/src/routes/v1routes.go:96.2,96.10 1 0
git.xenonstack.com/util/continuous-security-backend/src/routes/v1routes.go:91.28,95.3 3 0
git.xenonstack.com/util/continuous-security-backend/src/web/notification.go:14.35,17.42 2 0
git.xenonstack.com/util/continuous-security-backend/src/web/notification.go:26.2,32.4 3 0
git.xenonstack.com/util/continuous-security-backend/src/web/notification.go:17.42,24.3 3 0
git.xenonstack.com/util/continuous-security-backend/src/web/notification.go:35.33,51.2 4 1
git.xenonstack.com/util/continuous-security-backend/src/web/notification.go:53.36,68.42 5 1
git.xenonstack.com/util/continuous-security-backend/src/web/notification.go:68.42,71.3 1 1
git.xenonstack.com/util/continuous-security-backend/src/web/projects.go:10.50,14.2 3 1
git.xenonstack.com/util/continuous-security-backend/src/web/result.go:16.62,21.21 4 0
git.xenonstack.com/util/continuous-security-backend/src/web/result.go:183.2,183.15 1 0
git.xenonstack.com/util/continuous-security-backend/src/web/result.go:21.21,44.35 13 0
git.xenonstack.com/util/continuous-security-backend/src/web/result.go:63.3,63.34 1 0
git.xenonstack.com/util/continuous-security-backend/src/web/result.go:81.3,81.37 1 0
git.xenonstack.com/util/continuous-security-backend/src/web/result.go:99.3,99.37 1 0
git.xenonstack.com/util/continuous-security-backend/src/web/result.go:119.3,128.37 9 0
git.xenonstack.com/util/continuous-security-backend/src/web/result.go:131.3,131.37 1 0
git.xenonstack.com/util/continuous-security-backend/src/web/result.go:134.3,134.33 1 0
git.xenonstack.com/util/continuous-security-backend/src/web/result.go:137.3,137.31 1 0
git.xenonstack.com/util/continuous-security-backend/src/web/result.go:142.3,142.119 1 0
git.xenonstack.com/util/continuous-security-backend/src/web/result.go:178.3,178.55 1 0
git.xenonstack.com/util/continuous-security-backend/src/web/result.go:44.35,46.60 2 0
git.xenonstack.com/util/continuous-security-backend/src/web/result.go:51.4,51.62 1 0
git.xenonstack.com/util/continuous-security-backend/src/web/result.go:56.4,56.59 1 0
git.xenonstack.com/util/continuous-security-backend/src/web/result.go:46.60,49.13 3 0
git.xenonstack.com/util/continuous-security-backend/src/web/result.go:51.62,54.13 3 0
git.xenonstack.com/util/continuous-security-backend/src/web/result.go:56.59,59.13 3 0
git.xenonstack.com/util/continuous-security-backend/src/web/result.go:63.34,65.59 2 0
git.xenonstack.com/util/continuous-security-backend/src/web/result.go:70.4,70.61 1 0
git.xenonstack.com/util/continuous-security-backend/src/web/result.go:75.4,75.58 1 0
git.xenonstack.com/util/continuous-security-backend/src/web/result.go:65.59,68.13 3 0
git.xenonstack.com/util/continuous-security-backend/src/web/result.go:70.61,73.13 3 0
git.xenonstack.com/util/continuous-security-backend/src/web/result.go:75.58,78.13 3 0
git.xenonstack.com/util/continuous-security-backend/src/web/result.go:81.37,83.62 2 0
git.xenonstack.com/util/continuous-security-backend/src/web/result.go:88.4,88.64 1 0
git.xenonstack.com/util/continuous-security-backend/src/web/result.go:93.4,93.61 1 0
git.xenonstack.com/util/continuous-security-backend/src/web/result.go:83.62,86.13 3 0
git.xenonstack.com/util/continuous-security-backend/src/web/result.go:88.64,91.13 3 0
git.xenonstack.com/util/continuous-security-backend/src/web/result.go:93.61,96.13 3 0
git.xenonstack.com/util/continuous-security-backend/src/web/result.go:99.37,102.62 2 0
git.xenonstack.com/util/continuous-security-backend/src/web/result.go:107.4,107.64 1 0
git.xenonstack.com/util/continuous-security-backend/src/web/result.go:112.4,112.61 1 0
git.xenonstack.com/util/continuous-security-backend/src/web/result.go:102.62,105.13 3 0
git.xenonstack.com/util/continuous-security-backend/src/web/result.go:107.64,110.13 3 0
git.xenonstack.com/util/continuous-security-backend/src/web/result.go:112.61,115.13 3 0
git.xenonstack.com/util/continuous-security-backend/src/web/result.go:128.37,130.4 1 0
git.xenonstack.com/util/continuous-security-backend/src/web/result.go:131.37,133.4 1 0
git.xenonstack.com/util/continuous-security-backend/src/web/result.go:134.33,136.4 1 0
git.xenonstack.com/util/continuous-security-backend/src/web/result.go:137.31,139.4 1 0
git.xenonstack.com/util/continuous-security-backend/src/web/result.go:142.119,160.4 1 0
git.xenonstack.com/util/continuous-security-backend/src/web/result.go:160.9,177.4 1 0
git.xenonstack.com/util/continuous-security-backend/src/web/result.go:178.55,181.4 2 0
git.xenonstack.com/util/continuous-security-backend/src/web/result.go:203.59,209.21 4 0
git.xenonstack.com/util/continuous-security-backend/src/web/result.go:279.2,279.15 1 0
git.xenonstack.com/util/continuous-security-backend/src/web/result.go:209.21,222.40 12 0
git.xenonstack.com/util/continuous-security-backend/src/web/result.go:263.3,274.14 2 0
git.xenonstack.com/util/continuous-security-backend/src/web/result.go:222.40,226.18 3 0
git.xenonstack.com/util/continuous-security-backend/src/web/result.go:230.4,235.18 4 0
git.xenonstack.com/util/continuous-security-backend/src/web/result.go:240.4,240.56 1 0
git.xenonstack.com/util/continuous-security-backend/src/web/result.go:253.4,257.29 2 0
git.xenonstack.com/util/continuous-security-backend/src/web/result.go:226.18,228.13 2 0
git.xenonstack.com/util/continuous-security-backend/src/web/result.go:235.18,237.13 2 0
git.xenonstack.com/util/continuous-security-backend/src/web/result.go:240.56,241.60 1 0
git.xenonstack.com/util/continuous-security-backend/src/web/result.go:241.60,243.6 1 0
git.xenonstack.com/util/continuous-security-backend/src/web/result.go:243.11,243.63 1 0
git.xenonstack.com/util/continuous-security-backend/src/web/result.go:243.63,245.6 1 0
git.xenonstack.com/util/continuous-security-backend/src/web/result.go:245.11,245.65 1 0
git.xenonstack.com/util/continuous-security-backend/src/web/result.go:245.65,247.6 1 0
git.xenonstack.com/util/continuous-security-backend/src/web/result.go:247.11,247.62 1 0
git.xenonstack.com/util/continuous-security-backend/src/web/result.go:247.62,249.6 1 0
git.xenonstack.com/util/continuous-security-backend/src/web/result.go:249.11,251.6 1 0
git.xenonstack.com/util/continuous-security-backend/src/web/result.go:257.29,259.5 1 0
git.xenonstack.com/util/continuous-security-backend/src/web/result.go:259.10,261.5 1 0
git.xenonstack.com/util/continuous-security-backend/src/web/result.go:274.14,277.4 2 0
git.xenonstack.com/util/continuous-security-backend/src/web/result.go:284.32,289.31 5 0
git.xenonstack.com/util/continuous-security-backend/src/web/result.go:296.2,300.4 1 0
git.xenonstack.com/util/continuous-security-backend/src/web/result.go:289.31,295.3 2 0
git.xenonstack.com/util/continuous-security-backend/src/web/scan.go:26.69,32.16 3 1
git.xenonstack.com/util/continuous-security-backend/src/web/scan.go:37.2,39.16 3 1
git.xenonstack.com/util/continuous-security-backend/src/web/scan.go:45.2,47.31 3 0
git.xenonstack.com/util/continuous-security-backend/src/web/scan.go:57.2,57.13 1 0
git.xenonstack.com/util/continuous-security-backend/src/web/scan.go:64.2,64.26 1 0
git.xenonstack.com/util/continuous-security-backend/src/web/scan.go:68.2,87.15 16 0
git.xenonstack.com/util/continuous-security-backend/src/web/scan.go:92.2,94.16 3 0
git.xenonstack.com/util/continuous-security-backend/src/web/scan.go:99.2,100.16 2 0
git.xenonstack.com/util/continuous-security-backend/src/web/scan.go:165.2,169.18 5 0
git.xenonstack.com/util/continuous-security-backend/src/web/scan.go:32.16,34.3 1 0
git.xenonstack.com/util/continuous-security-backend/src/web/scan.go:39.16,43.3 3 1
git.xenonstack.com/util/continuous-security-backend/src/web/scan.go:47.31,49.17 2 0
git.xenonstack.com/util/continuous-security-backend/src/web/scan.go:52.3,52.14 1 0
git.xenonstack.com/util/continuous-security-backend/src/web/scan.go:49.17,50.12 1 0
git.xenonstack.com/util/continuous-security-backend/src/web/scan.go:52.14,54.4 1 0
git.xenonstack.com/util/continuous-security-backend/src/web/scan.go:57.13,61.3 3 0
git.xenonstack.com/util/continuous-security-backend/src/web/scan.go:64.26,66.3 1 0
git.xenonstack.com/util/continuous-security-backend/src/web/scan.go:87.15,89.3 1 0
git.xenonstack.com/util/continuous-security-backend/src/web/scan.go:94.16,96.3 1 0
git.xenonstack.com/util/continuous-security-backend/src/web/scan.go:100.16,105.3 3 0
git.xenonstack.com/util/continuous-security-backend/src/web/scan.go:108.2,110.23 2 0
git.xenonstack.com/util/continuous-security-backend/src/web/scan.go:149.3,161.90 10 0
git.xenonstack.com/util/continuous-security-backend/src/web/scan.go:110.23,129.4 16 0
git.xenonstack.com/util/continuous-security-backend/src/web/scan.go:129.9,148.4 16 0
git.xenonstack.com/util/continuous-security-backend/src/web/scan.go:174.88,179.23 4 0
git.xenonstack.com/util/continuous-security-backend/src/web/scan.go:183.2,193.18 4 0
git.xenonstack.com/util/continuous-security-backend/src/web/scan.go:217.2,219.18 2 0
git.xenonstack.com/util/continuous-security-backend/src/web/scan.go:179.23,181.3 1 0
git.xenonstack.com/util/continuous-security-backend/src/web/scan.go:194.20,197.21 3 0
git.xenonstack.com/util/continuous-security-backend/src/web/scan.go:198.16,201.23 3 0
git.xenonstack.com/util/continuous-security-backend/src/web/scan.go:202.14,205.21 3 0
git.xenonstack.com/util/continuous-security-backend/src/web/scan.go:206.16,209.23 3 0
git.xenonstack.com/util/continuous-security-backend/src/web/scan.go:210.14,213.21 3 0
git.xenonstack.com/util/continuous-security-backend/src/web/scan.go:223.26,227.2 3 0
git.xenonstack.com/util/continuous-security-backend/src/web/workspaces.go:15.61,24.16 5 1
git.xenonstack.com/util/continuous-security-backend/src/web/workspaces.go:28.2,31.16 3 1
git.xenonstack.com/util/continuous-security-backend/src/web/workspaces.go:35.2,38.16 3 1
git.xenonstack.com/util/continuous-security-backend/src/web/workspaces.go:43.2,45.16 3 1
git.xenonstack.com/util/continuous-security-backend/src/web/workspaces.go:49.2,50.9 2 1
git.xenonstack.com/util/continuous-security-backend/src/web/workspaces.go:55.2,55.12 1 0
git.xenonstack.com/util/continuous-security-backend/src/web/workspaces.go:24.16,27.3 2 0
git.xenonstack.com/util/continuous-security-backend/src/web/workspaces.go:31.16,34.3 2 0
git.xenonstack.com/util/continuous-security-backend/src/web/workspaces.go:38.16,41.3 2 0
git.xenonstack.com/util/continuous-security-backend/src/web/workspaces.go:45.16,48.3 2 0
git.xenonstack.com/util/continuous-security-backend/src/web/workspaces.go:50.9,53.3 2 1
git.xenonstack.com/util/continuous-security-backend/src/web/check.go:11.53,14.16 3 0
git.xenonstack.com/util/continuous-security-backend/src/web/check.go:27.2,28.32 2 0
git.xenonstack.com/util/continuous-security-backend/src/web/check.go:14.16,20.3 5 0
git.xenonstack.com/util/continuous-security-backend/src/web/check.go:20.8,26.3 5 0
git.xenonstack.com/util/continuous-security-backend/src/web/check.go:31.64,41.2 3 0
git.xenonstack.com/util/continuous-security-backend/src/web/check.go:43.67,54.2 3 0
git.xenonstack.com/util/continuous-security-backend/src/web/integrations.go:13.80,19.16 4 0
git.xenonstack.com/util/continuous-security-backend/src/web/integrations.go:26.2,31.16 5 0
git.xenonstack.com/util/continuous-security-backend/src/web/integrations.go:37.2,45.33 3 0
git.xenonstack.com/util/continuous-security-backend/src/web/integrations.go:74.2,82.18 9 0
git.xenonstack.com/util/continuous-security-backend/src/web/integrations.go:19.16,24.3 3 0
git.xenonstack.com/util/continuous-security-backend/src/web/integrations.go:31.16,35.3 3 0
git.xenonstack.com/util/continuous-security-backend/src/web/integrations.go:45.33,46.29 1 0
git.xenonstack.com/util/continuous-security-backend/src/web/integrations.go:46.29,53.18 6 0
git.xenonstack.com/util/continuous-security-backend/src/web/integrations.go:57.4,57.39 1 0
git.xenonstack.com/util/continuous-security-backend/src/web/integrations.go:53.18,55.13 2 0
git.xenonstack.com/util/continuous-security-backend/src/web/integrations.go:59.9,65.18 6 0
git.xenonstack.com/util/continuous-security-backend/src/web/integrations.go:69.4,69.39 1 0
git.xenonstack.com/util/continuous-security-backend/src/web/integrations.go:65.18,67.13 2 0
git.xenonstack.com/util/continuous-security-backend/src/web/integrations.go:86.88,90.16 3 0
git.xenonstack.com/util/continuous-security-backend/src/web/integrations.go:97.2,101.16 4 0
git.xenonstack.com/util/continuous-security-backend/src/web/integrations.go:108.2,108.25 1 0
git.xenonstack.com/util/continuous-security-backend/src/web/integrations.go:120.2,121.16 2 0
git.xenonstack.com/util/continuous-security-backend/src/web/integrations.go:126.2,128.18 3 0
git.xenonstack.com/util/continuous-security-backend/src/web/integrations.go:90.16,95.3 3 0
git.xenonstack.com/util/continuous-security-backend/src/web/integrations.go:101.16,105.3 3 0
git.xenonstack.com/util/continuous-security-backend/src/web/integrations.go:108.25,110.17 2 0
git.xenonstack.com/util/continuous-security-backend/src/web/integrations.go:115.3,117.19 3 0
git.xenonstack.com/util/continuous-security-backend/src/web/integrations.go:110.17,114.4 3 0
git.xenonstack.com/util/continuous-security-backend/src/web/integrations.go:121.16,125.3 3 0
git.xenonstack.com/util/continuous-security-backend/src/web/integrations.go:133.69,153.65 15 0
git.xenonstack.com/util/continuous-security-backend/src/web/integrations.go:158.2,159.34 2 0
git.xenonstack.com/util/continuous-security-backend/src/web/integrations.go:180.2,180.33 1 0
git.xenonstack.com/util/continuous-security-backend/src/web/integrations.go:198.2,198.36 1 0
git.xenonstack.com/util/continuous-security-backend/src/web/integrations.go:217.2,217.36 1 0
git.xenonstack.com/util/continuous-security-backend/src/web/integrations.go:237.2,246.36 9 0
git.xenonstack.com/util/continuous-security-backend/src/web/integrations.go:249.2,249.36 1 0
git.xenonstack.com/util/continuous-security-backend/src/web/integrations.go:252.2,252.32 1 0
git.xenonstack.com/util/continuous-security-backend/src/web/integrations.go:255.2,255.30 1 0
git.xenonstack.com/util/continuous-security-backend/src/web/integrations.go:260.2,260.118 1 0
git.xenonstack.com/util/continuous-security-backend/src/web/integrations.go:293.2,293.46 1 0
git.xenonstack.com/util/continuous-security-backend/src/web/integrations.go:153.65,155.3 1 0
git.xenonstack.com/util/continuous-security-backend/src/web/integrations.go:159.34,162.59 2 0
git.xenonstack.com/util/continuous-security-backend/src/web/integrations.go:167.3,167.61 1 0
git.xenonstack.com/util/continuous-security-backend/src/web/integrations.go:172.3,172.58 1 0
git.xenonstack.com/util/continuous-security-backend/src/web/integrations.go:162.59,165.12 3 0
git.xenonstack.com/util/continuous-security-backend/src/web/integrations.go:167.61,170.12 3 0
git.xenonstack.com/util/continuous-security-backend/src/web/integrations.go:172.58,175.12 3 0
git.xenonstack.com/util/continuous-security-backend/src/web/integrations.go:180.33,182.58 2 0
git.xenonstack.com/util/continuous-security-backend/src/web/integrations.go:187.3,187.60 1 0
git.xenonstack.com/util/continuous-security-backend/src/web/integrations.go:192.3,192.57 1 0
git.xenonstack.com/util/continuous-security-backend/src/web/integrations.go:182.58,185.12 3 0
git.xenonstack.com/util/continuous-security-backend/src/web/integrations.go:187.60,190.12 3 0
git.xenonstack.com/util/continuous-security-backend/src/web/integrations.go:192.57,195.12 3 0
git.xenonstack.com/util/continuous-security-backend/src/web/integrations.go:198.36,201.61 2 0
git.xenonstack.com/util/continuous-security-backend/src/web/integrations.go:206.3,206.63 1 0
git.xenonstack.com/util/continuous-security-backend/src/web/integrations.go:211.3,211.60 1 0
git.xenonstack.com/util/continuous-security-backend/src/web/integrations.go:201.61,204.12 3 0
git.xenonstack.com/util/continuous-security-backend/src/web/integrations.go:206.63,209.12 3 0
git.xenonstack.com/util/continuous-security-backend/src/web/integrations.go:211.60,214.12 3 0
git.xenonstack.com/util/continuous-security-backend/src/web/integrations.go:217.36,220.61 2 0
git.xenonstack.com/util/continuous-security-backend/src/web/integrations.go:225.3,225.63 1 0
git.xenonstack.com/util/continuous-security-backend/src/web/integrations.go:230.3,230.60 1 0
git.xenonstack.com/util/continuous-security-backend/src/web/integrations.go:220.61,223.12 3 0
git.xenonstack.com/util/continuous-security-backend/src/web/integrations.go:225.63,228.12 3 0
git.xenonstack.com/util/continuous-security-backend/src/web/integrations.go:230.60,233.12 3 0
git.xenonstack.com/util/continuous-security-backend/src/web/integrations.go:246.36,248.3 1 0
git.xenonstack.com/util/continuous-security-backend/src/web/integrations.go:249.36,251.3 1 0
git.xenonstack.com/util/continuous-security-backend/src/web/integrations.go:252.32,254.3 1 0
git.xenonstack.com/util/continuous-security-backend/src/web/integrations.go:255.30,257.3 1 0
git.xenonstack.com/util/continuous-security-backend/src/web/integrations.go:260.118,292.3 30 0
git.xenonstack.com/util/continuous-security-backend/src/web/integrations.go:306.65,321.26 11 0
git.xenonstack.com/util/continuous-security-backend/src/web/integrations.go:325.2,326.39 2 0
git.xenonstack.com/util/continuous-security-backend/src/web/integrations.go:368.2,368.13 1 0
git.xenonstack.com/util/continuous-security-backend/src/web/integrations.go:400.2,400.46 1 0
git.xenonstack.com/util/continuous-security-backend/src/web/integrations.go:321.26,323.3 1 0
git.xenonstack.com/util/continuous-security-backend/src/web/integrations.go:326.39,330.17 3 0
git.xenonstack.com/util/continuous-security-backend/src/web/integrations.go:334.3,339.17 4 0
git.xenonstack.com/util/continuous-security-backend/src/web/integrations.go:344.3,344.55 1 0
git.xenonstack.com/util/continuous-security-backend/src/web/integrations.go:357.3,361.28 2 0
git.xenonstack.com/util/continuous-security-backend/src/web/integrations.go:330.17,332.12 2 0
git.xenonstack.com/util/continuous-security-backend/src/web/integrations.go:339.17,341.12 2 0
git.xenonstack.com/util/continuous-security-backend/src/web/integrations.go:344.55,345.59 1 0
git.xenonstack.com/util/continuous-security-backend/src/web/integrations.go:345.59,347.5 1 0
git.xenonstack.com/util/continuous-security-backend/src/web/integrations.go:347.10,347.62 1 0
git.xenonstack.com/util/continuous-security-backend/src/web/integrations.go:347.62,349.5 1 0
git.xenonstack.com/util/continuous-security-backend/src/web/integrations.go:349.10,349.64 1 0
git.xenonstack.com/util/continuous-security-backend/src/web/integrations.go:349.64,351.5 1 0
git.xenonstack.com/util/continuous-security-backend/src/web/integrations.go:351.10,351.61 1 0
git.xenonstack.com/util/continuous-security-backend/src/web/integrations.go:351.61,353.5 1 0
git.xenonstack.com/util/continuous-security-backend/src/web/integrations.go:353.10,355.5 1 0
git.xenonstack.com/util/continuous-security-backend/src/web/integrations.go:361.28,363.4 1 0
git.xenonstack.com/util/continuous-security-backend/src/web/integrations.go:363.9,365.4 1 0
git.xenonstack.com/util/continuous-security-backend/src/web/integrations.go:368.13,398.3 29 0
