mode: set
git.xenonstack.com/util/continuous-security-backend/src/nats/connect.go:11.23,14.16 2 1
git.xenonstack.com/util/continuous-security-backend/src/nats/connect.go:18.2,21.19 4 1
git.xenonstack.com/util/continuous-security-backend/src/nats/connect.go:14.16,17.3 2 0
git.xenonstack.com/util/continuous-security-backend/src/nats/connect.go:25.35,32.79 5 1
git.xenonstack.com/util/continuous-security-backend/src/nats/connect.go:37.2,37.64 1 1
git.xenonstack.com/util/continuous-security-backend/src/nats/connect.go:40.2,40.61 1 1
git.xenonstack.com/util/continuous-security-backend/src/nats/connect.go:47.2,47.13 1 1
git.xenonstack.com/util/continuous-security-backend/src/nats/connect.go:32.79,33.21 1 0
git.xenonstack.com/util/continuous-security-backend/src/nats/connect.go:33.21,35.4 1 0
git.xenonstack.com/util/continuous-security-backend/src/nats/connect.go:37.64,39.3 1 0
git.xenonstack.com/util/continuous-security-backend/src/nats/connect.go:40.61,41.21 1 0
git.xenonstack.com/util/continuous-security-backend/src/nats/connect.go:41.21,43.4 1 0
git.xenonstack.com/util/continuous-security-backend/src/nats/connect.go:43.9,45.4 1 0
git.xenonstack.com/util/continuous-security-backend/src/nats/publish.go:18.43,19.57 1 1
git.xenonstack.com/util/continuous-security-backend/src/nats/publish.go:19.57,21.3 1 0
git.xenonstack.com/util/continuous-security-backend/src/nats/subscriber.go:15.35,17.2 1 0
git.xenonstack.com/util/continuous-security-backend/src/nats/subscriber.go:28.18,36.57 6 1
git.xenonstack.com/util/continuous-security-backend/src/nats/subscriber.go:45.2,45.11 1 1
git.xenonstack.com/util/continuous-security-backend/src/nats/subscriber.go:36.57,40.3 3 0
git.xenonstack.com/util/continuous-security-backend/src/nats/subscriber.go:40.17,42.3 1 0
git.xenonstack.com/util/continuous-security-backend/src/nats/subscriber.go:49.21,57.57 6 1
git.xenonstack.com/util/continuous-security-backend/src/nats/subscriber.go:66.2,66.11 1 1
git.xenonstack.com/util/continuous-security-backend/src/nats/subscriber.go:57.57,61.3 3 0
git.xenonstack.com/util/continuous-security-backend/src/nats/subscriber.go:61.17,63.3 1 0
git.xenonstack.com/util/continuous-security-backend/src/nats/subscriber.go:70.36,73.16 3 1
git.xenonstack.com/util/continuous-security-backend/src/nats/subscriber.go:78.2,78.79 1 1
git.xenonstack.com/util/continuous-security-backend/src/nats/subscriber.go:73.16,77.3 3 1
git.xenonstack.com/util/continuous-security-backend/src/nats/subscriber.go:82.35,85.16 3 1
git.xenonstack.com/util/continuous-security-backend/src/nats/subscriber.go:90.2,93.79 4 1
git.xenonstack.com/util/continuous-security-backend/src/nats/subscriber.go:85.16,89.3 3 1
