mode: set
git.xenonstack.com/util/continuous-security-backend/src/method/method.go:12.43,17.2 4 1
git.xenonstack.com/util/continuous-security-backend/src/method/method.go:20.46,23.19 2 1
git.xenonstack.com/util/continuous-security-backend/src/method/method.go:26.2,26.40 1 1
git.xenonstack.com/util/continuous-security-backend/src/method/method.go:23.19,25.3 1 1
git.xenonstack.com/util/continuous-security-backend/src/method/method.go:29.43,34.23 3 1
git.xenonstack.com/util/continuous-security-backend/src/method/method.go:39.2,47.16 6 1
git.xenonstack.com/util/continuous-security-backend/src/method/method.go:53.2,54.16 2 1
git.xenonstack.com/util/continuous-security-backend/src/method/method.go:59.2,59.16 1 1
git.xenonstack.com/util/continuous-security-backend/src/method/method.go:98.2,99.26 2 1
git.xenonstack.com/util/continuous-security-backend/src/method/method.go:103.2,103.73 1 1
git.xenonstack.com/util/continuous-security-backend/src/method/method.go:34.23,36.3 1 1
git.xenonstack.com/util/continuous-security-backend/src/method/method.go:36.8,38.3 1 1
git.xenonstack.com/util/continuous-security-backend/src/method/method.go:47.16,50.3 2 0
git.xenonstack.com/util/continuous-security-backend/src/method/method.go:54.16,57.3 1 1
git.xenonstack.com/util/continuous-security-backend/src/method/method.go:59.16,61.37 1 1
git.xenonstack.com/util/continuous-security-backend/src/method/method.go:64.3,65.17 2 1
git.xenonstack.com/util/continuous-security-backend/src/method/method.go:69.3,70.17 2 1
git.xenonstack.com/util/continuous-security-backend/src/method/method.go:74.3,74.17 1 1
git.xenonstack.com/util/continuous-security-backend/src/method/method.go:61.37,63.4 1 1
git.xenonstack.com/util/continuous-security-backend/src/method/method.go:65.17,68.4 2 0
git.xenonstack.com/util/continuous-security-backend/src/method/method.go:70.17,73.4 1 1
git.xenonstack.com/util/continuous-security-backend/src/method/method.go:74.17,75.47 1 1
git.xenonstack.com/util/continuous-security-backend/src/method/method.go:79.4,81.18 3 1
git.xenonstack.com/util/continuous-security-backend/src/method/method.go:85.4,86.18 2 1
git.xenonstack.com/util/continuous-security-backend/src/method/method.go:91.4,92.28 2 0
git.xenonstack.com/util/continuous-security-backend/src/method/method.go:95.4,95.75 1 0
git.xenonstack.com/util/continuous-security-backend/src/method/method.go:75.47,78.5 2 1
git.xenonstack.com/util/continuous-security-backend/src/method/method.go:81.18,84.5 2 0
git.xenonstack.com/util/continuous-security-backend/src/method/method.go:86.18,89.5 2 1
git.xenonstack.com/util/continuous-security-backend/src/method/method.go:92.28,94.5 1 0
git.xenonstack.com/util/continuous-security-backend/src/method/method.go:99.26,102.3 2 0
git.xenonstack.com/util/continuous-security-backend/src/method/repoInfo.go:19.76,25.16 4 1
git.xenonstack.com/util/continuous-security-backend/src/method/repoInfo.go:29.2,30.16 2 1
git.xenonstack.com/util/continuous-security-backend/src/method/repoInfo.go:34.2,37.16 3 1
git.xenonstack.com/util/continuous-security-backend/src/method/repoInfo.go:42.2,43.16 2 1
git.xenonstack.com/util/continuous-security-backend/src/method/repoInfo.go:49.2,51.16 3 1
git.xenonstack.com/util/continuous-security-backend/src/method/repoInfo.go:55.2,56.16 2 1
git.xenonstack.com/util/continuous-security-backend/src/method/repoInfo.go:60.2,63.16 3 1
git.xenonstack.com/util/continuous-security-backend/src/method/repoInfo.go:68.2,69.16 2 1
git.xenonstack.com/util/continuous-security-backend/src/method/repoInfo.go:74.2,74.33 1 1
git.xenonstack.com/util/continuous-security-backend/src/method/repoInfo.go:25.16,28.3 2 0
git.xenonstack.com/util/continuous-security-backend/src/method/repoInfo.go:30.16,33.3 2 0
git.xenonstack.com/util/continuous-security-backend/src/method/repoInfo.go:37.16,40.3 2 0
git.xenonstack.com/util/continuous-security-backend/src/method/repoInfo.go:43.16,46.3 2 0
git.xenonstack.com/util/continuous-security-backend/src/method/repoInfo.go:51.16,54.3 2 0
git.xenonstack.com/util/continuous-security-backend/src/method/repoInfo.go:56.16,59.3 2 0
git.xenonstack.com/util/continuous-security-backend/src/method/repoInfo.go:63.16,66.3 2 0
git.xenonstack.com/util/continuous-security-backend/src/method/repoInfo.go:69.16,72.3 2 0
git.xenonstack.com/util/continuous-security-backend/src/method/bash.go:10.74,17.16 5 1
git.xenonstack.com/util/continuous-security-backend/src/method/bash.go:26.2,27.41 2 0
git.xenonstack.com/util/continuous-security-backend/src/method/bash.go:30.2,30.24 1 0
git.xenonstack.com/util/continuous-security-backend/src/method/bash.go:17.16,25.3 6 1
git.xenonstack.com/util/continuous-security-backend/src/method/bash.go:27.41,29.3 1 0
git.xenonstack.com/util/continuous-security-backend/src/method/jwtClaims.go:11.60,13.81 1 1
git.xenonstack.com/util/continuous-security-backend/src/method/jwtClaims.go:20.2,20.16 1 1
git.xenonstack.com/util/continuous-security-backend/src/method/jwtClaims.go:23.2,24.20 2 0
git.xenonstack.com/util/continuous-security-backend/src/method/jwtClaims.go:13.81,14.58 1 1
git.xenonstack.com/util/continuous-security-backend/src/method/jwtClaims.go:17.3,17.49 1 1
git.xenonstack.com/util/continuous-security-backend/src/method/jwtClaims.go:14.58,16.4 1 0
git.xenonstack.com/util/continuous-security-backend/src/method/jwtClaims.go:20.16,22.3 1 1
