mode: set
git.xenonstack.com/util/continuous-security-backend/src/web/notification.go:10.33,26.2 4 1
git.xenonstack.com/util/continuous-security-backend/src/web/notification.go:28.36,43.42 5 1
git.xenonstack.com/util/continuous-security-backend/src/web/notification.go:43.42,46.3 1 1
git.xenonstack.com/util/continuous-security-backend/src/web/projects.go:10.50,14.2 3 1
git.xenonstack.com/util/continuous-security-backend/src/web/result.go:16.62,22.21 4 1
git.xenonstack.com/util/continuous-security-backend/src/web/result.go:182.2,182.15 1 0
git.xenonstack.com/util/continuous-security-backend/src/web/result.go:22.21,43.35 13 1
git.xenonstack.com/util/continuous-security-backend/src/web/result.go:62.3,62.34 1 1
git.xenonstack.com/util/continuous-security-backend/src/web/result.go:80.3,80.37 1 1
git.xenonstack.com/util/continuous-security-backend/src/web/result.go:98.3,98.37 1 1
git.xenonstack.com/util/continuous-security-backend/src/web/result.go:118.3,126.37 9 1
git.xenonstack.com/util/continuous-security-backend/src/web/result.go:129.3,129.37 1 1
git.xenonstack.com/util/continuous-security-backend/src/web/result.go:132.3,132.33 1 1
git.xenonstack.com/util/continuous-security-backend/src/web/result.go:135.3,135.31 1 1
git.xenonstack.com/util/continuous-security-backend/src/web/result.go:138.3,140.119 2 1
git.xenonstack.com/util/continuous-security-backend/src/web/result.go:177.3,177.55 1 1
git.xenonstack.com/util/continuous-security-backend/src/web/result.go:43.35,45.60 2 1
git.xenonstack.com/util/continuous-security-backend/src/web/result.go:50.4,50.62 1 1
git.xenonstack.com/util/continuous-security-backend/src/web/result.go:55.4,55.59 1 1
git.xenonstack.com/util/continuous-security-backend/src/web/result.go:45.60,48.13 3 0
git.xenonstack.com/util/continuous-security-backend/src/web/result.go:50.62,53.13 3 0
git.xenonstack.com/util/continuous-security-backend/src/web/result.go:55.59,58.13 3 0
git.xenonstack.com/util/continuous-security-backend/src/web/result.go:62.34,64.59 2 1
git.xenonstack.com/util/continuous-security-backend/src/web/result.go:69.4,69.61 1 1
git.xenonstack.com/util/continuous-security-backend/src/web/result.go:74.4,74.58 1 1
git.xenonstack.com/util/continuous-security-backend/src/web/result.go:64.59,67.13 3 1
git.xenonstack.com/util/continuous-security-backend/src/web/result.go:69.61,72.13 3 0
git.xenonstack.com/util/continuous-security-backend/src/web/result.go:74.58,77.13 3 0
git.xenonstack.com/util/continuous-security-backend/src/web/result.go:80.37,82.62 2 1
git.xenonstack.com/util/continuous-security-backend/src/web/result.go:87.4,87.64 1 1
git.xenonstack.com/util/continuous-security-backend/src/web/result.go:92.4,92.61 1 1
git.xenonstack.com/util/continuous-security-backend/src/web/result.go:82.62,85.13 3 1
git.xenonstack.com/util/continuous-security-backend/src/web/result.go:87.64,90.13 3 0
git.xenonstack.com/util/continuous-security-backend/src/web/result.go:92.61,95.13 3 0
git.xenonstack.com/util/continuous-security-backend/src/web/result.go:98.37,101.62 2 1
git.xenonstack.com/util/continuous-security-backend/src/web/result.go:106.4,106.64 1 1
git.xenonstack.com/util/continuous-security-backend/src/web/result.go:111.4,111.61 1 1
git.xenonstack.com/util/continuous-security-backend/src/web/result.go:101.62,104.13 3 1
git.xenonstack.com/util/continuous-security-backend/src/web/result.go:106.64,109.13 3 1
git.xenonstack.com/util/continuous-security-backend/src/web/result.go:111.61,114.13 3 0
git.xenonstack.com/util/continuous-security-backend/src/web/result.go:126.37,128.4 1 1
git.xenonstack.com/util/continuous-security-backend/src/web/result.go:129.37,131.4 1 1
git.xenonstack.com/util/continuous-security-backend/src/web/result.go:132.33,134.4 1 1
git.xenonstack.com/util/continuous-security-backend/src/web/result.go:135.31,137.4 1 1
git.xenonstack.com/util/continuous-security-backend/src/web/result.go:140.119,159.4 2 1
git.xenonstack.com/util/continuous-security-backend/src/web/result.go:159.9,176.4 1 0
git.xenonstack.com/util/continuous-security-backend/src/web/result.go:177.55,180.4 2 1
git.xenonstack.com/util/continuous-security-backend/src/web/result.go:202.59,208.21 4 1
git.xenonstack.com/util/continuous-security-backend/src/web/result.go:278.2,278.15 1 0
git.xenonstack.com/util/continuous-security-backend/src/web/result.go:208.21,221.40 13 1
git.xenonstack.com/util/continuous-security-backend/src/web/result.go:262.3,273.14 2 1
git.xenonstack.com/util/continuous-security-backend/src/web/result.go:221.40,225.18 3 1
git.xenonstack.com/util/continuous-security-backend/src/web/result.go:229.4,234.18 4 1
git.xenonstack.com/util/continuous-security-backend/src/web/result.go:239.4,239.56 1 1
git.xenonstack.com/util/continuous-security-backend/src/web/result.go:252.4,256.29 2 1
git.xenonstack.com/util/continuous-security-backend/src/web/result.go:225.18,227.13 2 0
git.xenonstack.com/util/continuous-security-backend/src/web/result.go:234.18,236.13 2 0
git.xenonstack.com/util/continuous-security-backend/src/web/result.go:239.56,240.60 1 1
git.xenonstack.com/util/continuous-security-backend/src/web/result.go:240.60,242.6 1 1
git.xenonstack.com/util/continuous-security-backend/src/web/result.go:242.11,242.63 1 1
git.xenonstack.com/util/continuous-security-backend/src/web/result.go:242.63,244.6 1 1
git.xenonstack.com/util/continuous-security-backend/src/web/result.go:244.11,244.65 1 1
git.xenonstack.com/util/continuous-security-backend/src/web/result.go:244.65,246.6 1 1
git.xenonstack.com/util/continuous-security-backend/src/web/result.go:246.11,246.62 1 1
git.xenonstack.com/util/continuous-security-backend/src/web/result.go:246.62,248.6 1 1
git.xenonstack.com/util/continuous-security-backend/src/web/result.go:248.11,250.6 1 1
git.xenonstack.com/util/continuous-security-backend/src/web/result.go:256.29,258.5 1 0
git.xenonstack.com/util/continuous-security-backend/src/web/result.go:258.10,260.5 1 1
git.xenonstack.com/util/continuous-security-backend/src/web/result.go:273.14,276.4 2 1
git.xenonstack.com/util/continuous-security-backend/src/web/scan.go:26.69,32.16 3 1
git.xenonstack.com/util/continuous-security-backend/src/web/scan.go:37.2,39.16 3 1
git.xenonstack.com/util/continuous-security-backend/src/web/scan.go:45.2,47.31 3 1
git.xenonstack.com/util/continuous-security-backend/src/web/scan.go:57.2,57.13 1 1
git.xenonstack.com/util/continuous-security-backend/src/web/scan.go:64.2,64.26 1 1
git.xenonstack.com/util/continuous-security-backend/src/web/scan.go:68.2,86.15 16 1
git.xenonstack.com/util/continuous-security-backend/src/web/scan.go:91.2,93.16 3 1
git.xenonstack.com/util/continuous-security-backend/src/web/scan.go:98.2,99.16 2 1
git.xenonstack.com/util/continuous-security-backend/src/web/scan.go:164.2,168.18 5 1
git.xenonstack.com/util/continuous-security-backend/src/web/scan.go:32.16,34.3 1 1
git.xenonstack.com/util/continuous-security-backend/src/web/scan.go:39.16,43.3 3 0
git.xenonstack.com/util/continuous-security-backend/src/web/scan.go:47.31,49.17 2 1
git.xenonstack.com/util/continuous-security-backend/src/web/scan.go:52.3,52.14 1 1
git.xenonstack.com/util/continuous-security-backend/src/web/scan.go:49.17,50.12 1 1
git.xenonstack.com/util/continuous-security-backend/src/web/scan.go:52.14,54.4 1 1
git.xenonstack.com/util/continuous-security-backend/src/web/scan.go:57.13,61.3 3 1
git.xenonstack.com/util/continuous-security-backend/src/web/scan.go:64.26,66.3 1 1
git.xenonstack.com/util/continuous-security-backend/src/web/scan.go:86.15,88.3 1 1
git.xenonstack.com/util/continuous-security-backend/src/web/scan.go:93.16,95.3 1 0
git.xenonstack.com/util/continuous-security-backend/src/web/scan.go:99.16,104.3 3 0
git.xenonstack.com/util/continuous-security-backend/src/web/scan.go:107.2,109.23 2 1
git.xenonstack.com/util/continuous-security-backend/src/web/scan.go:148.3,160.90 10 1
git.xenonstack.com/util/continuous-security-backend/src/web/scan.go:109.23,128.4 16 0
git.xenonstack.com/util/continuous-security-backend/src/web/scan.go:128.9,147.4 16 1
git.xenonstack.com/util/continuous-security-backend/src/web/scan.go:173.88,178.23 4 1
git.xenonstack.com/util/continuous-security-backend/src/web/scan.go:182.2,192.18 4 1
git.xenonstack.com/util/continuous-security-backend/src/web/scan.go:216.2,218.18 2 1
git.xenonstack.com/util/continuous-security-backend/src/web/scan.go:178.23,180.3 1 1
git.xenonstack.com/util/continuous-security-backend/src/web/scan.go:193.20,196.21 3 1
git.xenonstack.com/util/continuous-security-backend/src/web/scan.go:197.16,200.23 3 1
git.xenonstack.com/util/continuous-security-backend/src/web/scan.go:201.14,204.21 3 1
git.xenonstack.com/util/continuous-security-backend/src/web/scan.go:205.16,208.23 3 1
git.xenonstack.com/util/continuous-security-backend/src/web/scan.go:209.14,212.21 3 1
git.xenonstack.com/util/continuous-security-backend/src/web/scan.go:222.26,226.2 3 1
git.xenonstack.com/util/continuous-security-backend/src/web/workspaces.go:15.61,23.16 5 1
git.xenonstack.com/util/continuous-security-backend/src/web/workspaces.go:27.2,30.16 3 1
git.xenonstack.com/util/continuous-security-backend/src/web/workspaces.go:34.2,37.16 3 1
git.xenonstack.com/util/continuous-security-backend/src/web/workspaces.go:41.2,43.16 3 1
git.xenonstack.com/util/continuous-security-backend/src/web/workspaces.go:47.2,48.9 2 1
git.xenonstack.com/util/continuous-security-backend/src/web/workspaces.go:53.2,53.12 1 0
git.xenonstack.com/util/continuous-security-backend/src/web/workspaces.go:23.16,26.3 2 0
git.xenonstack.com/util/continuous-security-backend/src/web/workspaces.go:30.16,33.3 2 0
git.xenonstack.com/util/continuous-security-backend/src/web/workspaces.go:37.16,40.3 2 0
git.xenonstack.com/util/continuous-security-backend/src/web/workspaces.go:43.16,46.3 2 0
git.xenonstack.com/util/continuous-security-backend/src/web/workspaces.go:48.9,51.3 2 1
git.xenonstack.com/util/continuous-security-backend/src/web/check.go:11.53,14.16 3 1
git.xenonstack.com/util/continuous-security-backend/src/web/check.go:27.2,28.32 2 1
git.xenonstack.com/util/continuous-security-backend/src/web/check.go:14.16,20.3 5 0
git.xenonstack.com/util/continuous-security-backend/src/web/check.go:20.8,26.3 5 1
git.xenonstack.com/util/continuous-security-backend/src/web/check.go:31.64,41.2 3 1
git.xenonstack.com/util/continuous-security-backend/src/web/check.go:43.67,54.2 3 1
git.xenonstack.com/util/continuous-security-backend/src/web/integrations.go:13.80,18.16 3 1
git.xenonstack.com/util/continuous-security-backend/src/web/integrations.go:25.2,29.16 4 0
git.xenonstack.com/util/continuous-security-backend/src/web/integrations.go:35.2,42.33 3 0
git.xenonstack.com/util/continuous-security-backend/src/web/integrations.go:71.2,79.18 9 0
git.xenonstack.com/util/continuous-security-backend/src/web/integrations.go:18.16,23.3 3 1
git.xenonstack.com/util/continuous-security-backend/src/web/integrations.go:29.16,33.3 3 0
git.xenonstack.com/util/continuous-security-backend/src/web/integrations.go:42.33,43.29 1 0
git.xenonstack.com/util/continuous-security-backend/src/web/integrations.go:43.29,50.18 6 0
git.xenonstack.com/util/continuous-security-backend/src/web/integrations.go:54.4,54.39 1 0
git.xenonstack.com/util/continuous-security-backend/src/web/integrations.go:50.18,52.13 2 0
git.xenonstack.com/util/continuous-security-backend/src/web/integrations.go:56.9,62.18 6 0
git.xenonstack.com/util/continuous-security-backend/src/web/integrations.go:66.4,66.39 1 0
git.xenonstack.com/util/continuous-security-backend/src/web/integrations.go:62.18,64.13 2 0
git.xenonstack.com/util/continuous-security-backend/src/web/integrations.go:83.88,87.16 3 1
git.xenonstack.com/util/continuous-security-backend/src/web/integrations.go:94.2,98.16 4 0
git.xenonstack.com/util/continuous-security-backend/src/web/integrations.go:105.2,105.25 1 0
git.xenonstack.com/util/continuous-security-backend/src/web/integrations.go:117.2,118.16 2 0
git.xenonstack.com/util/continuous-security-backend/src/web/integrations.go:123.2,125.18 3 0
git.xenonstack.com/util/continuous-security-backend/src/web/integrations.go:87.16,92.3 3 1
git.xenonstack.com/util/continuous-security-backend/src/web/integrations.go:98.16,102.3 3 0
git.xenonstack.com/util/continuous-security-backend/src/web/integrations.go:105.25,107.17 2 0
git.xenonstack.com/util/continuous-security-backend/src/web/integrations.go:112.3,114.19 3 0
git.xenonstack.com/util/continuous-security-backend/src/web/integrations.go:107.17,111.4 3 0
git.xenonstack.com/util/continuous-security-backend/src/web/integrations.go:118.16,122.3 3 0
git.xenonstack.com/util/continuous-security-backend/src/web/integrations.go:130.69,149.65 15 1
git.xenonstack.com/util/continuous-security-backend/src/web/integrations.go:154.2,155.34 2 1
git.xenonstack.com/util/continuous-security-backend/src/web/integrations.go:176.2,176.33 1 1
git.xenonstack.com/util/continuous-security-backend/src/web/integrations.go:194.2,194.36 1 1
git.xenonstack.com/util/continuous-security-backend/src/web/integrations.go:213.2,213.36 1 1
git.xenonstack.com/util/continuous-security-backend/src/web/integrations.go:233.2,242.36 9 1
git.xenonstack.com/util/continuous-security-backend/src/web/integrations.go:245.2,245.36 1 1
git.xenonstack.com/util/continuous-security-backend/src/web/integrations.go:248.2,248.32 1 1
git.xenonstack.com/util/continuous-security-backend/src/web/integrations.go:251.2,251.30 1 1
git.xenonstack.com/util/continuous-security-backend/src/web/integrations.go:256.2,256.118 1 1
git.xenonstack.com/util/continuous-security-backend/src/web/integrations.go:289.2,289.46 1 1
git.xenonstack.com/util/continuous-security-backend/src/web/integrations.go:149.65,151.3 1 0
git.xenonstack.com/util/continuous-security-backend/src/web/integrations.go:155.34,158.59 2 1
git.xenonstack.com/util/continuous-security-backend/src/web/integrations.go:163.3,163.61 1 1
git.xenonstack.com/util/continuous-security-backend/src/web/integrations.go:168.3,168.58 1 1
git.xenonstack.com/util/continuous-security-backend/src/web/integrations.go:158.59,161.12 3 1
git.xenonstack.com/util/continuous-security-backend/src/web/integrations.go:163.61,166.12 3 1
git.xenonstack.com/util/continuous-security-backend/src/web/integrations.go:168.58,171.12 3 1
git.xenonstack.com/util/continuous-security-backend/src/web/integrations.go:176.33,178.58 2 1
git.xenonstack.com/util/continuous-security-backend/src/web/integrations.go:183.3,183.60 1 1
git.xenonstack.com/util/continuous-security-backend/src/web/integrations.go:188.3,188.57 1 1
git.xenonstack.com/util/continuous-security-backend/src/web/integrations.go:178.58,181.12 3 1
git.xenonstack.com/util/continuous-security-backend/src/web/integrations.go:183.60,186.12 3 1
git.xenonstack.com/util/continuous-security-backend/src/web/integrations.go:188.57,191.12 3 1
git.xenonstack.com/util/continuous-security-backend/src/web/integrations.go:194.36,197.61 2 1
git.xenonstack.com/util/continuous-security-backend/src/web/integrations.go:202.3,202.63 1 1
git.xenonstack.com/util/continuous-security-backend/src/web/integrations.go:207.3,207.60 1 1
git.xenonstack.com/util/continuous-security-backend/src/web/integrations.go:197.61,200.12 3 1
git.xenonstack.com/util/continuous-security-backend/src/web/integrations.go:202.63,205.12 3 1
git.xenonstack.com/util/continuous-security-backend/src/web/integrations.go:207.60,210.12 3 1
git.xenonstack.com/util/continuous-security-backend/src/web/integrations.go:213.36,216.61 2 1
git.xenonstack.com/util/continuous-security-backend/src/web/integrations.go:221.3,221.63 1 1
git.xenonstack.com/util/continuous-security-backend/src/web/integrations.go:226.3,226.60 1 1
git.xenonstack.com/util/continuous-security-backend/src/web/integrations.go:216.61,219.12 3 1
git.xenonstack.com/util/continuous-security-backend/src/web/integrations.go:221.63,224.12 3 1
git.xenonstack.com/util/continuous-security-backend/src/web/integrations.go:226.60,229.12 3 1
git.xenonstack.com/util/continuous-security-backend/src/web/integrations.go:242.36,244.3 1 0
git.xenonstack.com/util/continuous-security-backend/src/web/integrations.go:245.36,247.3 1 0
git.xenonstack.com/util/continuous-security-backend/src/web/integrations.go:248.32,250.3 1 1
git.xenonstack.com/util/continuous-security-backend/src/web/integrations.go:251.30,253.3 1 0
git.xenonstack.com/util/continuous-security-backend/src/web/integrations.go:256.118,288.3 30 0
git.xenonstack.com/util/continuous-security-backend/src/web/integrations.go:302.65,317.26 11 1
git.xenonstack.com/util/continuous-security-backend/src/web/integrations.go:321.2,322.39 2 1
git.xenonstack.com/util/continuous-security-backend/src/web/integrations.go:362.2,362.13 1 1
git.xenonstack.com/util/continuous-security-backend/src/web/integrations.go:394.2,394.46 1 1
git.xenonstack.com/util/continuous-security-backend/src/web/integrations.go:317.26,319.3 1 0
git.xenonstack.com/util/continuous-security-backend/src/web/integrations.go:322.39,326.17 3 1
git.xenonstack.com/util/continuous-security-backend/src/web/integrations.go:330.3,333.17 4 1
git.xenonstack.com/util/continuous-security-backend/src/web/integrations.go:338.3,338.55 1 1
git.xenonstack.com/util/continuous-security-backend/src/web/integrations.go:351.3,355.28 2 1
git.xenonstack.com/util/continuous-security-backend/src/web/integrations.go:326.17,328.12 2 1
git.xenonstack.com/util/continuous-security-backend/src/web/integrations.go:333.17,335.12 2 1
git.xenonstack.com/util/continuous-security-backend/src/web/integrations.go:338.55,339.59 1 1
git.xenonstack.com/util/continuous-security-backend/src/web/integrations.go:339.59,341.5 1 1
git.xenonstack.com/util/continuous-security-backend/src/web/integrations.go:341.10,341.62 1 1
git.xenonstack.com/util/continuous-security-backend/src/web/integrations.go:341.62,343.5 1 1
git.xenonstack.com/util/continuous-security-backend/src/web/integrations.go:343.10,343.64 1 1
git.xenonstack.com/util/continuous-security-backend/src/web/integrations.go:343.64,345.5 1 1
git.xenonstack.com/util/continuous-security-backend/src/web/integrations.go:345.10,345.61 1 1
git.xenonstack.com/util/continuous-security-backend/src/web/integrations.go:345.61,347.5 1 1
git.xenonstack.com/util/continuous-security-backend/src/web/integrations.go:347.10,349.5 1 0
git.xenonstack.com/util/continuous-security-backend/src/web/integrations.go:355.28,357.4 1 1
git.xenonstack.com/util/continuous-security-backend/src/web/integrations.go:357.9,359.4 1 0
git.xenonstack.com/util/continuous-security-backend/src/web/integrations.go:362.13,392.3 29 0
